

Started GET "/" for 127.0.0.1 at 2015-02-22 20:13:08 -0500
Processing by Rails::WelcomeController#index as HTML
  Rendered /Users/stefandasbach/.rvm/gems/ruby-2.2.0/gems/railties-4.0.12/lib/rails/templates/rails/welcome/index.html.erb (2.3ms)
Completed 200 OK in 26ms (Views: 13.9ms | ActiveRecord: 0.0ms)


Started GET "/" for 127.0.0.1 at 2015-02-22 20:17:07 -0500
Processing by Rails::WelcomeController#index as HTML
  Rendered /Users/stefandasbach/.rvm/gems/ruby-2.2.0/gems/railties-4.0.12/lib/rails/templates/rails/welcome/index.html.erb (2.0ms)
Completed 200 OK in 31ms (Views: 15.3ms | ActiveRecord: 0.0ms)


Started GET "/home" for 127.0.0.1 at 2015-02-22 20:17:10 -0500

ActionController::RoutingError (uninitialized constant Pages):
  activesupport (4.0.12) lib/active_support/inflector/methods.rb:226:in `const_get'
  activesupport (4.0.12) lib/active_support/inflector/methods.rb:226:in `block in constantize'
  activesupport (4.0.12) lib/active_support/inflector/methods.rb:224:in `each'
  activesupport (4.0.12) lib/active_support/inflector/methods.rb:224:in `inject'
  activesupport (4.0.12) lib/active_support/inflector/methods.rb:224:in `constantize'
  actionpack (4.0.12) lib/action_dispatch/routing/route_set.rb:78:in `controller_reference'
  actionpack (4.0.12) lib/action_dispatch/routing/route_set.rb:68:in `controller'
  actionpack (4.0.12) lib/action_dispatch/routing/route_set.rb:46:in `call'
  actionpack (4.0.12) lib/action_dispatch/journey/router.rb:71:in `block in call'
  actionpack (4.0.12) lib/action_dispatch/journey/router.rb:59:in `each'
  actionpack (4.0.12) lib/action_dispatch/journey/router.rb:59:in `call'
  actionpack (4.0.12) lib/action_dispatch/routing/route_set.rb:676:in `call'
  rack (1.5.2) lib/rack/etag.rb:23:in `call'
  rack (1.5.2) lib/rack/conditionalget.rb:25:in `call'
  rack (1.5.2) lib/rack/head.rb:11:in `call'
  actionpack (4.0.12) lib/action_dispatch/middleware/params_parser.rb:27:in `call'
  actionpack (4.0.12) lib/action_dispatch/middleware/flash.rb:241:in `call'
  rack (1.5.2) lib/rack/session/abstract/id.rb:225:in `context'
  rack (1.5.2) lib/rack/session/abstract/id.rb:220:in `call'
  actionpack (4.0.12) lib/action_dispatch/middleware/cookies.rb:486:in `call'
  activerecord (4.0.12) lib/active_record/query_cache.rb:36:in `call'
  activerecord (4.0.12) lib/active_record/connection_adapters/abstract/connection_pool.rb:626:in `call'
  activerecord (4.0.12) lib/active_record/migration.rb:373:in `call'
  actionpack (4.0.12) lib/action_dispatch/middleware/callbacks.rb:29:in `block in call'
  activesupport (4.0.12) lib/active_support/callbacks.rb:373:in `_run__735854224935220853__call__callbacks'
  activesupport (4.0.12) lib/active_support/callbacks.rb:80:in `run_callbacks'
  actionpack (4.0.12) lib/action_dispatch/middleware/callbacks.rb:27:in `call'
  actionpack (4.0.12) lib/action_dispatch/middleware/reloader.rb:64:in `call'
  actionpack (4.0.12) lib/action_dispatch/middleware/remote_ip.rb:76:in `call'
  actionpack (4.0.12) lib/action_dispatch/middleware/debug_exceptions.rb:17:in `call'
  actionpack (4.0.12) lib/action_dispatch/middleware/show_exceptions.rb:30:in `call'
  railties (4.0.12) lib/rails/rack/logger.rb:38:in `call_app'
  railties (4.0.12) lib/rails/rack/logger.rb:20:in `block in call'
  activesupport (4.0.12) lib/active_support/tagged_logging.rb:68:in `block in tagged'
  activesupport (4.0.12) lib/active_support/tagged_logging.rb:26:in `tagged'
  activesupport (4.0.12) lib/active_support/tagged_logging.rb:68:in `tagged'
  railties (4.0.12) lib/rails/rack/logger.rb:20:in `call'
  actionpack (4.0.12) lib/action_dispatch/middleware/request_id.rb:21:in `call'
  rack (1.5.2) lib/rack/methodoverride.rb:21:in `call'
  rack (1.5.2) lib/rack/runtime.rb:17:in `call'
  activesupport (4.0.12) lib/active_support/cache/strategy/local_cache.rb:83:in `call'
  rack (1.5.2) lib/rack/lock.rb:17:in `call'
  actionpack (4.0.12) lib/action_dispatch/middleware/static.rb:84:in `call'
  rack (1.5.2) lib/rack/sendfile.rb:112:in `call'
  railties (4.0.12) lib/rails/engine.rb:511:in `call'
  railties (4.0.12) lib/rails/application.rb:97:in `call'
  rack (1.5.2) lib/rack/lock.rb:17:in `call'
  rack (1.5.2) lib/rack/content_length.rb:14:in `call'
  rack (1.5.2) lib/rack/handler/webrick.rb:60:in `service'
  /Users/stefandasbach/.rvm/rubies/ruby-2.2.0/lib/ruby/2.2.0/webrick/httpserver.rb:138:in `service'
  /Users/stefandasbach/.rvm/rubies/ruby-2.2.0/lib/ruby/2.2.0/webrick/httpserver.rb:94:in `run'
  /Users/stefandasbach/.rvm/rubies/ruby-2.2.0/lib/ruby/2.2.0/webrick/server.rb:294:in `block in start_thread'


  Rendered /Users/stefandasbach/.rvm/gems/ruby-2.2.0/gems/actionpack-4.0.12/lib/action_dispatch/middleware/templates/rescues/_trace.erb (1.3ms)
  Rendered /Users/stefandasbach/.rvm/gems/ruby-2.2.0/gems/actionpack-4.0.12/lib/action_dispatch/middleware/templates/routes/_route.html.erb (0.9ms)
  Rendered /Users/stefandasbach/.rvm/gems/ruby-2.2.0/gems/actionpack-4.0.12/lib/action_dispatch/middleware/templates/routes/_table.html.erb (8.9ms)
  Rendered /Users/stefandasbach/.rvm/gems/ruby-2.2.0/gems/actionpack-4.0.12/lib/action_dispatch/middleware/templates/rescues/routing_error.erb within rescues/layout (93.6ms)


Started GET "/home" for 127.0.0.1 at 2015-02-22 20:25:18 -0500

ActionController::RoutingError (uninitialized constant StaticController):
  activesupport (4.0.12) lib/active_support/inflector/methods.rb:226:in `const_get'
  activesupport (4.0.12) lib/active_support/inflector/methods.rb:226:in `block in constantize'
  activesupport (4.0.12) lib/active_support/inflector/methods.rb:224:in `each'
  activesupport (4.0.12) lib/active_support/inflector/methods.rb:224:in `inject'
  activesupport (4.0.12) lib/active_support/inflector/methods.rb:224:in `constantize'
  actionpack (4.0.12) lib/action_dispatch/routing/route_set.rb:78:in `controller_reference'
  actionpack (4.0.12) lib/action_dispatch/routing/route_set.rb:68:in `controller'
  actionpack (4.0.12) lib/action_dispatch/routing/route_set.rb:46:in `call'
  actionpack (4.0.12) lib/action_dispatch/journey/router.rb:71:in `block in call'
  actionpack (4.0.12) lib/action_dispatch/journey/router.rb:59:in `each'
  actionpack (4.0.12) lib/action_dispatch/journey/router.rb:59:in `call'
  actionpack (4.0.12) lib/action_dispatch/routing/route_set.rb:676:in `call'
  rack (1.5.2) lib/rack/etag.rb:23:in `call'
  rack (1.5.2) lib/rack/conditionalget.rb:25:in `call'
  rack (1.5.2) lib/rack/head.rb:11:in `call'
  actionpack (4.0.12) lib/action_dispatch/middleware/params_parser.rb:27:in `call'
  actionpack (4.0.12) lib/action_dispatch/middleware/flash.rb:241:in `call'
  rack (1.5.2) lib/rack/session/abstract/id.rb:225:in `context'
  rack (1.5.2) lib/rack/session/abstract/id.rb:220:in `call'
  actionpack (4.0.12) lib/action_dispatch/middleware/cookies.rb:486:in `call'
  activerecord (4.0.12) lib/active_record/query_cache.rb:36:in `call'
  activerecord (4.0.12) lib/active_record/connection_adapters/abstract/connection_pool.rb:626:in `call'
  activerecord (4.0.12) lib/active_record/migration.rb:373:in `call'
  actionpack (4.0.12) lib/action_dispatch/middleware/callbacks.rb:29:in `block in call'
  activesupport (4.0.12) lib/active_support/callbacks.rb:373:in `_run__735854224935220853__call__callbacks'
  activesupport (4.0.12) lib/active_support/callbacks.rb:80:in `run_callbacks'
  actionpack (4.0.12) lib/action_dispatch/middleware/callbacks.rb:27:in `call'
  actionpack (4.0.12) lib/action_dispatch/middleware/reloader.rb:64:in `call'
  actionpack (4.0.12) lib/action_dispatch/middleware/remote_ip.rb:76:in `call'
  actionpack (4.0.12) lib/action_dispatch/middleware/debug_exceptions.rb:17:in `call'
  actionpack (4.0.12) lib/action_dispatch/middleware/show_exceptions.rb:30:in `call'
  railties (4.0.12) lib/rails/rack/logger.rb:38:in `call_app'
  railties (4.0.12) lib/rails/rack/logger.rb:20:in `block in call'
  activesupport (4.0.12) lib/active_support/tagged_logging.rb:68:in `block in tagged'
  activesupport (4.0.12) lib/active_support/tagged_logging.rb:26:in `tagged'
  activesupport (4.0.12) lib/active_support/tagged_logging.rb:68:in `tagged'
  railties (4.0.12) lib/rails/rack/logger.rb:20:in `call'
  actionpack (4.0.12) lib/action_dispatch/middleware/request_id.rb:21:in `call'
  rack (1.5.2) lib/rack/methodoverride.rb:21:in `call'
  rack (1.5.2) lib/rack/runtime.rb:17:in `call'
  activesupport (4.0.12) lib/active_support/cache/strategy/local_cache.rb:83:in `call'
  rack (1.5.2) lib/rack/lock.rb:17:in `call'
  actionpack (4.0.12) lib/action_dispatch/middleware/static.rb:84:in `call'
  rack (1.5.2) lib/rack/sendfile.rb:112:in `call'
  railties (4.0.12) lib/rails/engine.rb:511:in `call'
  railties (4.0.12) lib/rails/application.rb:97:in `call'
  rack (1.5.2) lib/rack/lock.rb:17:in `call'
  rack (1.5.2) lib/rack/content_length.rb:14:in `call'
  rack (1.5.2) lib/rack/handler/webrick.rb:60:in `service'
  /Users/stefandasbach/.rvm/rubies/ruby-2.2.0/lib/ruby/2.2.0/webrick/httpserver.rb:138:in `service'
  /Users/stefandasbach/.rvm/rubies/ruby-2.2.0/lib/ruby/2.2.0/webrick/httpserver.rb:94:in `run'
  /Users/stefandasbach/.rvm/rubies/ruby-2.2.0/lib/ruby/2.2.0/webrick/server.rb:294:in `block in start_thread'


  Rendered /Users/stefandasbach/.rvm/gems/ruby-2.2.0/gems/actionpack-4.0.12/lib/action_dispatch/middleware/templates/rescues/_trace.erb (1.8ms)
  Rendered /Users/stefandasbach/.rvm/gems/ruby-2.2.0/gems/actionpack-4.0.12/lib/action_dispatch/middleware/templates/routes/_route.html.erb (0.7ms)
  Rendered /Users/stefandasbach/.rvm/gems/ruby-2.2.0/gems/actionpack-4.0.12/lib/action_dispatch/middleware/templates/routes/_table.html.erb (1.9ms)
  Rendered /Users/stefandasbach/.rvm/gems/ruby-2.2.0/gems/actionpack-4.0.12/lib/action_dispatch/middleware/templates/rescues/routing_error.erb within rescues/layout (56.1ms)


Started GET "/home" for 127.0.0.1 at 2015-02-22 20:25:27 -0500

ActionController::RoutingError (uninitialized constant StaticController):
  activesupport (4.0.12) lib/active_support/inflector/methods.rb:226:in `const_get'
  activesupport (4.0.12) lib/active_support/inflector/methods.rb:226:in `block in constantize'
  activesupport (4.0.12) lib/active_support/inflector/methods.rb:224:in `each'
  activesupport (4.0.12) lib/active_support/inflector/methods.rb:224:in `inject'
  activesupport (4.0.12) lib/active_support/inflector/methods.rb:224:in `constantize'
  actionpack (4.0.12) lib/action_dispatch/routing/route_set.rb:78:in `controller_reference'
  actionpack (4.0.12) lib/action_dispatch/routing/route_set.rb:68:in `controller'
  actionpack (4.0.12) lib/action_dispatch/routing/route_set.rb:46:in `call'
  actionpack (4.0.12) lib/action_dispatch/journey/router.rb:71:in `block in call'
  actionpack (4.0.12) lib/action_dispatch/journey/router.rb:59:in `each'
  actionpack (4.0.12) lib/action_dispatch/journey/router.rb:59:in `call'
  actionpack (4.0.12) lib/action_dispatch/routing/route_set.rb:676:in `call'
  rack (1.5.2) lib/rack/etag.rb:23:in `call'
  rack (1.5.2) lib/rack/conditionalget.rb:25:in `call'
  rack (1.5.2) lib/rack/head.rb:11:in `call'
  actionpack (4.0.12) lib/action_dispatch/middleware/params_parser.rb:27:in `call'
  actionpack (4.0.12) lib/action_dispatch/middleware/flash.rb:241:in `call'
  rack (1.5.2) lib/rack/session/abstract/id.rb:225:in `context'
  rack (1.5.2) lib/rack/session/abstract/id.rb:220:in `call'
  actionpack (4.0.12) lib/action_dispatch/middleware/cookies.rb:486:in `call'
  activerecord (4.0.12) lib/active_record/query_cache.rb:36:in `call'
  activerecord (4.0.12) lib/active_record/connection_adapters/abstract/connection_pool.rb:626:in `call'
  activerecord (4.0.12) lib/active_record/migration.rb:373:in `call'
  actionpack (4.0.12) lib/action_dispatch/middleware/callbacks.rb:29:in `block in call'
  activesupport (4.0.12) lib/active_support/callbacks.rb:373:in `_run__1777223936731185158__call__callbacks'
  activesupport (4.0.12) lib/active_support/callbacks.rb:80:in `run_callbacks'
  actionpack (4.0.12) lib/action_dispatch/middleware/callbacks.rb:27:in `call'
  actionpack (4.0.12) lib/action_dispatch/middleware/reloader.rb:64:in `call'
  actionpack (4.0.12) lib/action_dispatch/middleware/remote_ip.rb:76:in `call'
  actionpack (4.0.12) lib/action_dispatch/middleware/debug_exceptions.rb:17:in `call'
  actionpack (4.0.12) lib/action_dispatch/middleware/show_exceptions.rb:30:in `call'
  railties (4.0.12) lib/rails/rack/logger.rb:38:in `call_app'
  railties (4.0.12) lib/rails/rack/logger.rb:20:in `block in call'
  activesupport (4.0.12) lib/active_support/tagged_logging.rb:68:in `block in tagged'
  activesupport (4.0.12) lib/active_support/tagged_logging.rb:26:in `tagged'
  activesupport (4.0.12) lib/active_support/tagged_logging.rb:68:in `tagged'
  railties (4.0.12) lib/rails/rack/logger.rb:20:in `call'
  actionpack (4.0.12) lib/action_dispatch/middleware/request_id.rb:21:in `call'
  rack (1.5.2) lib/rack/methodoverride.rb:21:in `call'
  rack (1.5.2) lib/rack/runtime.rb:17:in `call'
  activesupport (4.0.12) lib/active_support/cache/strategy/local_cache.rb:83:in `call'
  rack (1.5.2) lib/rack/lock.rb:17:in `call'
  actionpack (4.0.12) lib/action_dispatch/middleware/static.rb:84:in `call'
  rack (1.5.2) lib/rack/sendfile.rb:112:in `call'
  railties (4.0.12) lib/rails/engine.rb:511:in `call'
  railties (4.0.12) lib/rails/application.rb:97:in `call'
  rack (1.5.2) lib/rack/lock.rb:17:in `call'
  rack (1.5.2) lib/rack/content_length.rb:14:in `call'
  rack (1.5.2) lib/rack/handler/webrick.rb:60:in `service'
  /Users/stefandasbach/.rvm/rubies/ruby-2.2.0/lib/ruby/2.2.0/webrick/httpserver.rb:138:in `service'
  /Users/stefandasbach/.rvm/rubies/ruby-2.2.0/lib/ruby/2.2.0/webrick/httpserver.rb:94:in `run'
  /Users/stefandasbach/.rvm/rubies/ruby-2.2.0/lib/ruby/2.2.0/webrick/server.rb:294:in `block in start_thread'


  Rendered /Users/stefandasbach/.rvm/gems/ruby-2.2.0/gems/actionpack-4.0.12/lib/action_dispatch/middleware/templates/rescues/_trace.erb (1.7ms)
  Rendered /Users/stefandasbach/.rvm/gems/ruby-2.2.0/gems/actionpack-4.0.12/lib/action_dispatch/middleware/templates/routes/_route.html.erb (0.8ms)
  Rendered /Users/stefandasbach/.rvm/gems/ruby-2.2.0/gems/actionpack-4.0.12/lib/action_dispatch/middleware/templates/routes/_table.html.erb (6.2ms)
  Rendered /Users/stefandasbach/.rvm/gems/ruby-2.2.0/gems/actionpack-4.0.12/lib/action_dispatch/middleware/templates/rescues/routing_error.erb within rescues/layout (69.5ms)


Started GET "/home" for 127.0.0.1 at 2015-02-22 20:25:35 -0500

ActionController::RoutingError (uninitialized constant StaticController):
  activesupport (4.0.12) lib/active_support/inflector/methods.rb:226:in `const_get'
  activesupport (4.0.12) lib/active_support/inflector/methods.rb:226:in `block in constantize'
  activesupport (4.0.12) lib/active_support/inflector/methods.rb:224:in `each'
  activesupport (4.0.12) lib/active_support/inflector/methods.rb:224:in `inject'
  activesupport (4.0.12) lib/active_support/inflector/methods.rb:224:in `constantize'
  actionpack (4.0.12) lib/action_dispatch/routing/route_set.rb:78:in `controller_reference'
  actionpack (4.0.12) lib/action_dispatch/routing/route_set.rb:68:in `controller'
  actionpack (4.0.12) lib/action_dispatch/routing/route_set.rb:46:in `call'
  actionpack (4.0.12) lib/action_dispatch/journey/router.rb:71:in `block in call'
  actionpack (4.0.12) lib/action_dispatch/journey/router.rb:59:in `each'
  actionpack (4.0.12) lib/action_dispatch/journey/router.rb:59:in `call'
  actionpack (4.0.12) lib/action_dispatch/routing/route_set.rb:676:in `call'
  rack (1.5.2) lib/rack/etag.rb:23:in `call'
  rack (1.5.2) lib/rack/conditionalget.rb:25:in `call'
  rack (1.5.2) lib/rack/head.rb:11:in `call'
  actionpack (4.0.12) lib/action_dispatch/middleware/params_parser.rb:27:in `call'
  actionpack (4.0.12) lib/action_dispatch/middleware/flash.rb:241:in `call'
  rack (1.5.2) lib/rack/session/abstract/id.rb:225:in `context'
  rack (1.5.2) lib/rack/session/abstract/id.rb:220:in `call'
  actionpack (4.0.12) lib/action_dispatch/middleware/cookies.rb:486:in `call'
  activerecord (4.0.12) lib/active_record/query_cache.rb:36:in `call'
  activerecord (4.0.12) lib/active_record/connection_adapters/abstract/connection_pool.rb:626:in `call'
  activerecord (4.0.12) lib/active_record/migration.rb:373:in `call'
  actionpack (4.0.12) lib/action_dispatch/middleware/callbacks.rb:29:in `block in call'
  activesupport (4.0.12) lib/active_support/callbacks.rb:373:in `_run__1777223936731185158__call__callbacks'
  activesupport (4.0.12) lib/active_support/callbacks.rb:80:in `run_callbacks'
  actionpack (4.0.12) lib/action_dispatch/middleware/callbacks.rb:27:in `call'
  actionpack (4.0.12) lib/action_dispatch/middleware/reloader.rb:64:in `call'
  actionpack (4.0.12) lib/action_dispatch/middleware/remote_ip.rb:76:in `call'
  actionpack (4.0.12) lib/action_dispatch/middleware/debug_exceptions.rb:17:in `call'
  actionpack (4.0.12) lib/action_dispatch/middleware/show_exceptions.rb:30:in `call'
  railties (4.0.12) lib/rails/rack/logger.rb:38:in `call_app'
  railties (4.0.12) lib/rails/rack/logger.rb:20:in `block in call'
  activesupport (4.0.12) lib/active_support/tagged_logging.rb:68:in `block in tagged'
  activesupport (4.0.12) lib/active_support/tagged_logging.rb:26:in `tagged'
  activesupport (4.0.12) lib/active_support/tagged_logging.rb:68:in `tagged'
  railties (4.0.12) lib/rails/rack/logger.rb:20:in `call'
  actionpack (4.0.12) lib/action_dispatch/middleware/request_id.rb:21:in `call'
  rack (1.5.2) lib/rack/methodoverride.rb:21:in `call'
  rack (1.5.2) lib/rack/runtime.rb:17:in `call'
  activesupport (4.0.12) lib/active_support/cache/strategy/local_cache.rb:83:in `call'
  rack (1.5.2) lib/rack/lock.rb:17:in `call'
  actionpack (4.0.12) lib/action_dispatch/middleware/static.rb:84:in `call'
  rack (1.5.2) lib/rack/sendfile.rb:112:in `call'
  railties (4.0.12) lib/rails/engine.rb:511:in `call'
  railties (4.0.12) lib/rails/application.rb:97:in `call'
  rack (1.5.2) lib/rack/lock.rb:17:in `call'
  rack (1.5.2) lib/rack/content_length.rb:14:in `call'
  rack (1.5.2) lib/rack/handler/webrick.rb:60:in `service'
  /Users/stefandasbach/.rvm/rubies/ruby-2.2.0/lib/ruby/2.2.0/webrick/httpserver.rb:138:in `service'
  /Users/stefandasbach/.rvm/rubies/ruby-2.2.0/lib/ruby/2.2.0/webrick/httpserver.rb:94:in `run'
  /Users/stefandasbach/.rvm/rubies/ruby-2.2.0/lib/ruby/2.2.0/webrick/server.rb:294:in `block in start_thread'


  Rendered /Users/stefandasbach/.rvm/gems/ruby-2.2.0/gems/actionpack-4.0.12/lib/action_dispatch/middleware/templates/rescues/_trace.erb (1.0ms)
  Rendered /Users/stefandasbach/.rvm/gems/ruby-2.2.0/gems/actionpack-4.0.12/lib/action_dispatch/middleware/templates/routes/_route.html.erb (0.7ms)
  Rendered /Users/stefandasbach/.rvm/gems/ruby-2.2.0/gems/actionpack-4.0.12/lib/action_dispatch/middleware/templates/routes/_table.html.erb (1.1ms)
  Rendered /Users/stefandasbach/.rvm/gems/ruby-2.2.0/gems/actionpack-4.0.12/lib/action_dispatch/middleware/templates/rescues/routing_error.erb within rescues/layout (52.9ms)


Started GET "/home" for 127.0.0.1 at 2015-02-22 20:34:04 -0500

ActionController::RoutingError (uninitialized constant StaticController):
  activesupport (4.0.12) lib/active_support/inflector/methods.rb:226:in `const_get'
  activesupport (4.0.12) lib/active_support/inflector/methods.rb:226:in `block in constantize'
  activesupport (4.0.12) lib/active_support/inflector/methods.rb:224:in `each'
  activesupport (4.0.12) lib/active_support/inflector/methods.rb:224:in `inject'
  activesupport (4.0.12) lib/active_support/inflector/methods.rb:224:in `constantize'
  actionpack (4.0.12) lib/action_dispatch/routing/route_set.rb:78:in `controller_reference'
  actionpack (4.0.12) lib/action_dispatch/routing/route_set.rb:68:in `controller'
  actionpack (4.0.12) lib/action_dispatch/routing/route_set.rb:46:in `call'
  actionpack (4.0.12) lib/action_dispatch/journey/router.rb:71:in `block in call'
  actionpack (4.0.12) lib/action_dispatch/journey/router.rb:59:in `each'
  actionpack (4.0.12) lib/action_dispatch/journey/router.rb:59:in `call'
  actionpack (4.0.12) lib/action_dispatch/routing/route_set.rb:676:in `call'
  rack (1.5.2) lib/rack/etag.rb:23:in `call'
  rack (1.5.2) lib/rack/conditionalget.rb:25:in `call'
  rack (1.5.2) lib/rack/head.rb:11:in `call'
  actionpack (4.0.12) lib/action_dispatch/middleware/params_parser.rb:27:in `call'
  actionpack (4.0.12) lib/action_dispatch/middleware/flash.rb:241:in `call'
  rack (1.5.2) lib/rack/session/abstract/id.rb:225:in `context'
  rack (1.5.2) lib/rack/session/abstract/id.rb:220:in `call'
  actionpack (4.0.12) lib/action_dispatch/middleware/cookies.rb:486:in `call'
  activerecord (4.0.12) lib/active_record/query_cache.rb:36:in `call'
  activerecord (4.0.12) lib/active_record/connection_adapters/abstract/connection_pool.rb:626:in `call'
  activerecord (4.0.12) lib/active_record/migration.rb:373:in `call'
  actionpack (4.0.12) lib/action_dispatch/middleware/callbacks.rb:29:in `block in call'
  activesupport (4.0.12) lib/active_support/callbacks.rb:373:in `_run__3894279193694668131__call__callbacks'
  activesupport (4.0.12) lib/active_support/callbacks.rb:80:in `run_callbacks'
  actionpack (4.0.12) lib/action_dispatch/middleware/callbacks.rb:27:in `call'
  actionpack (4.0.12) lib/action_dispatch/middleware/reloader.rb:64:in `call'
  actionpack (4.0.12) lib/action_dispatch/middleware/remote_ip.rb:76:in `call'
  actionpack (4.0.12) lib/action_dispatch/middleware/debug_exceptions.rb:17:in `call'
  actionpack (4.0.12) lib/action_dispatch/middleware/show_exceptions.rb:30:in `call'
  railties (4.0.12) lib/rails/rack/logger.rb:38:in `call_app'
  railties (4.0.12) lib/rails/rack/logger.rb:20:in `block in call'
  activesupport (4.0.12) lib/active_support/tagged_logging.rb:68:in `block in tagged'
  activesupport (4.0.12) lib/active_support/tagged_logging.rb:26:in `tagged'
  activesupport (4.0.12) lib/active_support/tagged_logging.rb:68:in `tagged'
  railties (4.0.12) lib/rails/rack/logger.rb:20:in `call'
  actionpack (4.0.12) lib/action_dispatch/middleware/request_id.rb:21:in `call'
  rack (1.5.2) lib/rack/methodoverride.rb:21:in `call'
  rack (1.5.2) lib/rack/runtime.rb:17:in `call'
  activesupport (4.0.12) lib/active_support/cache/strategy/local_cache.rb:83:in `call'
  rack (1.5.2) lib/rack/lock.rb:17:in `call'
  actionpack (4.0.12) lib/action_dispatch/middleware/static.rb:84:in `call'
  rack (1.5.2) lib/rack/sendfile.rb:112:in `call'
  railties (4.0.12) lib/rails/engine.rb:511:in `call'
  railties (4.0.12) lib/rails/application.rb:97:in `call'
  rack (1.5.2) lib/rack/lock.rb:17:in `call'
  rack (1.5.2) lib/rack/content_length.rb:14:in `call'
  rack (1.5.2) lib/rack/handler/webrick.rb:60:in `service'
  /Users/stefandasbach/.rvm/rubies/ruby-2.2.0/lib/ruby/2.2.0/webrick/httpserver.rb:138:in `service'
  /Users/stefandasbach/.rvm/rubies/ruby-2.2.0/lib/ruby/2.2.0/webrick/httpserver.rb:94:in `run'
  /Users/stefandasbach/.rvm/rubies/ruby-2.2.0/lib/ruby/2.2.0/webrick/server.rb:294:in `block in start_thread'


  Rendered /Users/stefandasbach/.rvm/gems/ruby-2.2.0/gems/actionpack-4.0.12/lib/action_dispatch/middleware/templates/rescues/_trace.erb (1.1ms)
  Rendered /Users/stefandasbach/.rvm/gems/ruby-2.2.0/gems/actionpack-4.0.12/lib/action_dispatch/middleware/templates/routes/_route.html.erb (1.6ms)
  Rendered /Users/stefandasbach/.rvm/gems/ruby-2.2.0/gems/actionpack-4.0.12/lib/action_dispatch/middleware/templates/routes/_table.html.erb (8.4ms)
  Rendered /Users/stefandasbach/.rvm/gems/ruby-2.2.0/gems/actionpack-4.0.12/lib/action_dispatch/middleware/templates/rescues/routing_error.erb within rescues/layout (78.7ms)


Started GET "/home" for 127.0.0.1 at 2015-02-22 20:34:57 -0500

ActionController::RoutingError (uninitialized constant StaticController):
  activesupport (4.0.12) lib/active_support/inflector/methods.rb:226:in `const_get'
  activesupport (4.0.12) lib/active_support/inflector/methods.rb:226:in `block in constantize'
  activesupport (4.0.12) lib/active_support/inflector/methods.rb:224:in `each'
  activesupport (4.0.12) lib/active_support/inflector/methods.rb:224:in `inject'
  activesupport (4.0.12) lib/active_support/inflector/methods.rb:224:in `constantize'
  actionpack (4.0.12) lib/action_dispatch/routing/route_set.rb:78:in `controller_reference'
  actionpack (4.0.12) lib/action_dispatch/routing/route_set.rb:68:in `controller'
  actionpack (4.0.12) lib/action_dispatch/routing/route_set.rb:46:in `call'
  actionpack (4.0.12) lib/action_dispatch/journey/router.rb:71:in `block in call'
  actionpack (4.0.12) lib/action_dispatch/journey/router.rb:59:in `each'
  actionpack (4.0.12) lib/action_dispatch/journey/router.rb:59:in `call'
  actionpack (4.0.12) lib/action_dispatch/routing/route_set.rb:676:in `call'
  rack (1.5.2) lib/rack/etag.rb:23:in `call'
  rack (1.5.2) lib/rack/conditionalget.rb:25:in `call'
  rack (1.5.2) lib/rack/head.rb:11:in `call'
  actionpack (4.0.12) lib/action_dispatch/middleware/params_parser.rb:27:in `call'
  actionpack (4.0.12) lib/action_dispatch/middleware/flash.rb:241:in `call'
  rack (1.5.2) lib/rack/session/abstract/id.rb:225:in `context'
  rack (1.5.2) lib/rack/session/abstract/id.rb:220:in `call'
  actionpack (4.0.12) lib/action_dispatch/middleware/cookies.rb:486:in `call'
  activerecord (4.0.12) lib/active_record/query_cache.rb:36:in `call'
  activerecord (4.0.12) lib/active_record/connection_adapters/abstract/connection_pool.rb:626:in `call'
  activerecord (4.0.12) lib/active_record/migration.rb:373:in `call'
  actionpack (4.0.12) lib/action_dispatch/middleware/callbacks.rb:29:in `block in call'
  activesupport (4.0.12) lib/active_support/callbacks.rb:373:in `_run__808597584611788195__call__callbacks'
  activesupport (4.0.12) lib/active_support/callbacks.rb:80:in `run_callbacks'
  actionpack (4.0.12) lib/action_dispatch/middleware/callbacks.rb:27:in `call'
  actionpack (4.0.12) lib/action_dispatch/middleware/reloader.rb:64:in `call'
  actionpack (4.0.12) lib/action_dispatch/middleware/remote_ip.rb:76:in `call'
  actionpack (4.0.12) lib/action_dispatch/middleware/debug_exceptions.rb:17:in `call'
  actionpack (4.0.12) lib/action_dispatch/middleware/show_exceptions.rb:30:in `call'
  railties (4.0.12) lib/rails/rack/logger.rb:38:in `call_app'
  railties (4.0.12) lib/rails/rack/logger.rb:20:in `block in call'
  activesupport (4.0.12) lib/active_support/tagged_logging.rb:68:in `block in tagged'
  activesupport (4.0.12) lib/active_support/tagged_logging.rb:26:in `tagged'
  activesupport (4.0.12) lib/active_support/tagged_logging.rb:68:in `tagged'
  railties (4.0.12) lib/rails/rack/logger.rb:20:in `call'
  actionpack (4.0.12) lib/action_dispatch/middleware/request_id.rb:21:in `call'
  rack (1.5.2) lib/rack/methodoverride.rb:21:in `call'
  rack (1.5.2) lib/rack/runtime.rb:17:in `call'
  activesupport (4.0.12) lib/active_support/cache/strategy/local_cache.rb:83:in `call'
  rack (1.5.2) lib/rack/lock.rb:17:in `call'
  actionpack (4.0.12) lib/action_dispatch/middleware/static.rb:84:in `call'
  rack (1.5.2) lib/rack/sendfile.rb:112:in `call'
  railties (4.0.12) lib/rails/engine.rb:511:in `call'
  railties (4.0.12) lib/rails/application.rb:97:in `call'
  rack (1.5.2) lib/rack/lock.rb:17:in `call'
  rack (1.5.2) lib/rack/content_length.rb:14:in `call'
  rack (1.5.2) lib/rack/handler/webrick.rb:60:in `service'
  /Users/stefandasbach/.rvm/rubies/ruby-2.2.0/lib/ruby/2.2.0/webrick/httpserver.rb:138:in `service'
  /Users/stefandasbach/.rvm/rubies/ruby-2.2.0/lib/ruby/2.2.0/webrick/httpserver.rb:94:in `run'
  /Users/stefandasbach/.rvm/rubies/ruby-2.2.0/lib/ruby/2.2.0/webrick/server.rb:294:in `block in start_thread'


  Rendered /Users/stefandasbach/.rvm/gems/ruby-2.2.0/gems/actionpack-4.0.12/lib/action_dispatch/middleware/templates/rescues/_trace.erb (2.0ms)
  Rendered /Users/stefandasbach/.rvm/gems/ruby-2.2.0/gems/actionpack-4.0.12/lib/action_dispatch/middleware/templates/routes/_route.html.erb (1.4ms)
  Rendered /Users/stefandasbach/.rvm/gems/ruby-2.2.0/gems/actionpack-4.0.12/lib/action_dispatch/middleware/templates/routes/_table.html.erb (6.8ms)
  Rendered /Users/stefandasbach/.rvm/gems/ruby-2.2.0/gems/actionpack-4.0.12/lib/action_dispatch/middleware/templates/rescues/routing_error.erb within rescues/layout (73.4ms)


Started GET "/home" for 127.0.0.1 at 2015-02-22 20:37:08 -0500

ActionController::RoutingError (uninitialized constant StaticController):
  activesupport (4.0.12) lib/active_support/inflector/methods.rb:226:in `const_get'
  activesupport (4.0.12) lib/active_support/inflector/methods.rb:226:in `block in constantize'
  activesupport (4.0.12) lib/active_support/inflector/methods.rb:224:in `each'
  activesupport (4.0.12) lib/active_support/inflector/methods.rb:224:in `inject'
  activesupport (4.0.12) lib/active_support/inflector/methods.rb:224:in `constantize'
  actionpack (4.0.12) lib/action_dispatch/routing/route_set.rb:78:in `controller_reference'
  actionpack (4.0.12) lib/action_dispatch/routing/route_set.rb:68:in `controller'
  actionpack (4.0.12) lib/action_dispatch/routing/route_set.rb:46:in `call'
  actionpack (4.0.12) lib/action_dispatch/journey/router.rb:71:in `block in call'
  actionpack (4.0.12) lib/action_dispatch/journey/router.rb:59:in `each'
  actionpack (4.0.12) lib/action_dispatch/journey/router.rb:59:in `call'
  actionpack (4.0.12) lib/action_dispatch/routing/route_set.rb:676:in `call'
  rack (1.5.2) lib/rack/etag.rb:23:in `call'
  rack (1.5.2) lib/rack/conditionalget.rb:25:in `call'
  rack (1.5.2) lib/rack/head.rb:11:in `call'
  actionpack (4.0.12) lib/action_dispatch/middleware/params_parser.rb:27:in `call'
  actionpack (4.0.12) lib/action_dispatch/middleware/flash.rb:241:in `call'
  rack (1.5.2) lib/rack/session/abstract/id.rb:225:in `context'
  rack (1.5.2) lib/rack/session/abstract/id.rb:220:in `call'
  actionpack (4.0.12) lib/action_dispatch/middleware/cookies.rb:486:in `call'
  activerecord (4.0.12) lib/active_record/query_cache.rb:36:in `call'
  activerecord (4.0.12) lib/active_record/connection_adapters/abstract/connection_pool.rb:626:in `call'
  activerecord (4.0.12) lib/active_record/migration.rb:373:in `call'
  actionpack (4.0.12) lib/action_dispatch/middleware/callbacks.rb:29:in `block in call'
  activesupport (4.0.12) lib/active_support/callbacks.rb:373:in `_run__926035348386331244__call__callbacks'
  activesupport (4.0.12) lib/active_support/callbacks.rb:80:in `run_callbacks'
  actionpack (4.0.12) lib/action_dispatch/middleware/callbacks.rb:27:in `call'
  actionpack (4.0.12) lib/action_dispatch/middleware/reloader.rb:64:in `call'
  actionpack (4.0.12) lib/action_dispatch/middleware/remote_ip.rb:76:in `call'
  actionpack (4.0.12) lib/action_dispatch/middleware/debug_exceptions.rb:17:in `call'
  actionpack (4.0.12) lib/action_dispatch/middleware/show_exceptions.rb:30:in `call'
  railties (4.0.12) lib/rails/rack/logger.rb:38:in `call_app'
  railties (4.0.12) lib/rails/rack/logger.rb:20:in `block in call'
  activesupport (4.0.12) lib/active_support/tagged_logging.rb:68:in `block in tagged'
  activesupport (4.0.12) lib/active_support/tagged_logging.rb:26:in `tagged'
  activesupport (4.0.12) lib/active_support/tagged_logging.rb:68:in `tagged'
  railties (4.0.12) lib/rails/rack/logger.rb:20:in `call'
  actionpack (4.0.12) lib/action_dispatch/middleware/request_id.rb:21:in `call'
  rack (1.5.2) lib/rack/methodoverride.rb:21:in `call'
  rack (1.5.2) lib/rack/runtime.rb:17:in `call'
  activesupport (4.0.12) lib/active_support/cache/strategy/local_cache.rb:83:in `call'
  rack (1.5.2) lib/rack/lock.rb:17:in `call'
  actionpack (4.0.12) lib/action_dispatch/middleware/static.rb:84:in `call'
  rack (1.5.2) lib/rack/sendfile.rb:112:in `call'
  railties (4.0.12) lib/rails/engine.rb:511:in `call'
  railties (4.0.12) lib/rails/application.rb:97:in `call'
  rack (1.5.2) lib/rack/lock.rb:17:in `call'
  rack (1.5.2) lib/rack/content_length.rb:14:in `call'
  rack (1.5.2) lib/rack/handler/webrick.rb:60:in `service'
  /Users/stefandasbach/.rvm/rubies/ruby-2.2.0/lib/ruby/2.2.0/webrick/httpserver.rb:138:in `service'
  /Users/stefandasbach/.rvm/rubies/ruby-2.2.0/lib/ruby/2.2.0/webrick/httpserver.rb:94:in `run'
  /Users/stefandasbach/.rvm/rubies/ruby-2.2.0/lib/ruby/2.2.0/webrick/server.rb:294:in `block in start_thread'


  Rendered /Users/stefandasbach/.rvm/gems/ruby-2.2.0/gems/actionpack-4.0.12/lib/action_dispatch/middleware/templates/rescues/_trace.erb (2.3ms)
  Rendered /Users/stefandasbach/.rvm/gems/ruby-2.2.0/gems/actionpack-4.0.12/lib/action_dispatch/middleware/templates/routes/_route.html.erb (1.6ms)
  Rendered /Users/stefandasbach/.rvm/gems/ruby-2.2.0/gems/actionpack-4.0.12/lib/action_dispatch/middleware/templates/routes/_table.html.erb (5.7ms)
  Rendered /Users/stefandasbach/.rvm/gems/ruby-2.2.0/gems/actionpack-4.0.12/lib/action_dispatch/middleware/templates/rescues/routing_error.erb within rescues/layout (87.2ms)


Started GET "/home" for 127.0.0.1 at 2015-02-22 20:37:08 -0500

ActionController::RoutingError (uninitialized constant StaticController):
  activesupport (4.0.12) lib/active_support/inflector/methods.rb:226:in `const_get'
  activesupport (4.0.12) lib/active_support/inflector/methods.rb:226:in `block in constantize'
  activesupport (4.0.12) lib/active_support/inflector/methods.rb:224:in `each'
  activesupport (4.0.12) lib/active_support/inflector/methods.rb:224:in `inject'
  activesupport (4.0.12) lib/active_support/inflector/methods.rb:224:in `constantize'
  actionpack (4.0.12) lib/action_dispatch/routing/route_set.rb:78:in `controller_reference'
  actionpack (4.0.12) lib/action_dispatch/routing/route_set.rb:68:in `controller'
  actionpack (4.0.12) lib/action_dispatch/routing/route_set.rb:46:in `call'
  actionpack (4.0.12) lib/action_dispatch/journey/router.rb:71:in `block in call'
  actionpack (4.0.12) lib/action_dispatch/journey/router.rb:59:in `each'
  actionpack (4.0.12) lib/action_dispatch/journey/router.rb:59:in `call'
  actionpack (4.0.12) lib/action_dispatch/routing/route_set.rb:676:in `call'
  rack (1.5.2) lib/rack/etag.rb:23:in `call'
  rack (1.5.2) lib/rack/conditionalget.rb:25:in `call'
  rack (1.5.2) lib/rack/head.rb:11:in `call'
  actionpack (4.0.12) lib/action_dispatch/middleware/params_parser.rb:27:in `call'
  actionpack (4.0.12) lib/action_dispatch/middleware/flash.rb:241:in `call'
  rack (1.5.2) lib/rack/session/abstract/id.rb:225:in `context'
  rack (1.5.2) lib/rack/session/abstract/id.rb:220:in `call'
  actionpack (4.0.12) lib/action_dispatch/middleware/cookies.rb:486:in `call'
  activerecord (4.0.12) lib/active_record/query_cache.rb:36:in `call'
  activerecord (4.0.12) lib/active_record/connection_adapters/abstract/connection_pool.rb:626:in `call'
  activerecord (4.0.12) lib/active_record/migration.rb:373:in `call'
  actionpack (4.0.12) lib/action_dispatch/middleware/callbacks.rb:29:in `block in call'
  activesupport (4.0.12) lib/active_support/callbacks.rb:373:in `_run__926035348386331244__call__callbacks'
  activesupport (4.0.12) lib/active_support/callbacks.rb:80:in `run_callbacks'
  actionpack (4.0.12) lib/action_dispatch/middleware/callbacks.rb:27:in `call'
  actionpack (4.0.12) lib/action_dispatch/middleware/reloader.rb:64:in `call'
  actionpack (4.0.12) lib/action_dispatch/middleware/remote_ip.rb:76:in `call'
  actionpack (4.0.12) lib/action_dispatch/middleware/debug_exceptions.rb:17:in `call'
  actionpack (4.0.12) lib/action_dispatch/middleware/show_exceptions.rb:30:in `call'
  railties (4.0.12) lib/rails/rack/logger.rb:38:in `call_app'
  railties (4.0.12) lib/rails/rack/logger.rb:20:in `block in call'
  activesupport (4.0.12) lib/active_support/tagged_logging.rb:68:in `block in tagged'
  activesupport (4.0.12) lib/active_support/tagged_logging.rb:26:in `tagged'
  activesupport (4.0.12) lib/active_support/tagged_logging.rb:68:in `tagged'
  railties (4.0.12) lib/rails/rack/logger.rb:20:in `call'
  actionpack (4.0.12) lib/action_dispatch/middleware/request_id.rb:21:in `call'
  rack (1.5.2) lib/rack/methodoverride.rb:21:in `call'
  rack (1.5.2) lib/rack/runtime.rb:17:in `call'
  activesupport (4.0.12) lib/active_support/cache/strategy/local_cache.rb:83:in `call'
  rack (1.5.2) lib/rack/lock.rb:17:in `call'
  actionpack (4.0.12) lib/action_dispatch/middleware/static.rb:84:in `call'
  rack (1.5.2) lib/rack/sendfile.rb:112:in `call'
  railties (4.0.12) lib/rails/engine.rb:511:in `call'
  railties (4.0.12) lib/rails/application.rb:97:in `call'
  rack (1.5.2) lib/rack/lock.rb:17:in `call'
  rack (1.5.2) lib/rack/content_length.rb:14:in `call'
  rack (1.5.2) lib/rack/handler/webrick.rb:60:in `service'
  /Users/stefandasbach/.rvm/rubies/ruby-2.2.0/lib/ruby/2.2.0/webrick/httpserver.rb:138:in `service'
  /Users/stefandasbach/.rvm/rubies/ruby-2.2.0/lib/ruby/2.2.0/webrick/httpserver.rb:94:in `run'
  /Users/stefandasbach/.rvm/rubies/ruby-2.2.0/lib/ruby/2.2.0/webrick/server.rb:294:in `block in start_thread'


  Rendered /Users/stefandasbach/.rvm/gems/ruby-2.2.0/gems/actionpack-4.0.12/lib/action_dispatch/middleware/templates/rescues/_trace.erb (1.5ms)
  Rendered /Users/stefandasbach/.rvm/gems/ruby-2.2.0/gems/actionpack-4.0.12/lib/action_dispatch/middleware/templates/routes/_route.html.erb (1.0ms)
  Rendered /Users/stefandasbach/.rvm/gems/ruby-2.2.0/gems/actionpack-4.0.12/lib/action_dispatch/middleware/templates/routes/_table.html.erb (1.9ms)
  Rendered /Users/stefandasbach/.rvm/gems/ruby-2.2.0/gems/actionpack-4.0.12/lib/action_dispatch/middleware/templates/rescues/routing_error.erb within rescues/layout (60.4ms)


Started GET "/home" for 127.0.0.1 at 2015-02-22 20:39:39 -0500
Processing by StaticController#home as HTML
  Rendered static/home.html.erb within layouts/application (0.4ms)
Completed 200 OK in 1585ms (Views: 1574.1ms | ActiveRecord: 0.0ms)


Started GET "/assets/application.css?body=1" for 127.0.0.1 at 2015-02-22 20:39:41 -0500


Started GET "/assets/materialize/css/materialize.css?body=1" for 127.0.0.1 at 2015-02-22 20:39:41 -0500


Started GET "/assets/materialize/css/materialize.min.css?body=1" for 127.0.0.1 at 2015-02-22 20:39:41 -0500


Started GET "/stylesheets/stylesheets/materialize/css/materialize.css" for 127.0.0.1 at 2015-02-22 20:39:41 -0500

ActionController::RoutingError (No route matches [GET] "/stylesheets/stylesheets/materialize/css/materialize.css"):
  actionpack (4.0.12) lib/action_dispatch/middleware/debug_exceptions.rb:21:in `call'
  actionpack (4.0.12) lib/action_dispatch/middleware/show_exceptions.rb:30:in `call'
  railties (4.0.12) lib/rails/rack/logger.rb:38:in `call_app'
  railties (4.0.12) lib/rails/rack/logger.rb:20:in `block in call'
  activesupport (4.0.12) lib/active_support/tagged_logging.rb:68:in `block in tagged'
  activesupport (4.0.12) lib/active_support/tagged_logging.rb:26:in `tagged'
  activesupport (4.0.12) lib/active_support/tagged_logging.rb:68:in `tagged'
  railties (4.0.12) lib/rails/rack/logger.rb:20:in `call'
  actionpack (4.0.12) lib/action_dispatch/middleware/request_id.rb:21:in `call'
  rack (1.5.2) lib/rack/methodoverride.rb:21:in `call'
  rack (1.5.2) lib/rack/runtime.rb:17:in `call'
  activesupport (4.0.12) lib/active_support/cache/strategy/local_cache.rb:83:in `call'
  rack (1.5.2) lib/rack/lock.rb:17:in `call'
  actionpack (4.0.12) lib/action_dispatch/middleware/static.rb:84:in `call'
  rack (1.5.2) lib/rack/sendfile.rb:112:in `call'
  railties (4.0.12) lib/rails/engine.rb:511:in `call'
  railties (4.0.12) lib/rails/application.rb:97:in `call'
  rack (1.5.2) lib/rack/lock.rb:17:in `call'
  rack (1.5.2) lib/rack/content_length.rb:14:in `call'
  rack (1.5.2) lib/rack/handler/webrick.rb:60:in `service'
  /Users/stefandasbach/.rvm/rubies/ruby-2.2.0/lib/ruby/2.2.0/webrick/httpserver.rb:138:in `service'
  /Users/stefandasbach/.rvm/rubies/ruby-2.2.0/lib/ruby/2.2.0/webrick/httpserver.rb:94:in `run'
  /Users/stefandasbach/.rvm/rubies/ruby-2.2.0/lib/ruby/2.2.0/webrick/server.rb:294:in `block in start_thread'


  Rendered /Users/stefandasbach/.rvm/gems/ruby-2.2.0/gems/actionpack-4.0.12/lib/action_dispatch/middleware/templates/rescues/_trace.erb (2.0ms)
  Rendered /Users/stefandasbach/.rvm/gems/ruby-2.2.0/gems/actionpack-4.0.12/lib/action_dispatch/middleware/templates/routes/_route.html.erb (1.7ms)
  Rendered /Users/stefandasbach/.rvm/gems/ruby-2.2.0/gems/actionpack-4.0.12/lib/action_dispatch/middleware/templates/routes/_table.html.erb (2.1ms)
  Rendered /Users/stefandasbach/.rvm/gems/ruby-2.2.0/gems/actionpack-4.0.12/lib/action_dispatch/middleware/templates/rescues/routing_error.erb within rescues/layout (62.9ms)


Started GET "/assets/jquery.js?body=1" for 127.0.0.1 at 2015-02-22 20:39:41 -0500


Started GET "/assets/jquery_ujs.js?body=1" for 127.0.0.1 at 2015-02-22 20:39:41 -0500


Started GET "/assets/turbolinks.js?body=1" for 127.0.0.1 at 2015-02-22 20:39:41 -0500


Started GET "/assets/application.js?body=1" for 127.0.0.1 at 2015-02-22 20:39:41 -0500


Started GET "/assets/materialize/font/roboto/Roboto-Regular.ttf" for 127.0.0.1 at 2015-02-22 20:39:41 -0500


Started GET "/home" for 127.0.0.1 at 2015-02-22 20:43:15 -0500
Processing by StaticController#home as HTML
  Rendered static/home.html.erb within layouts/application (0.5ms)
Completed 200 OK in 20ms (Views: 19.2ms | ActiveRecord: 0.0ms)


Started GET "/assets/application.css?body=1" for 127.0.0.1 at 2015-02-22 20:43:15 -0500


Started GET "/stylesheets/stylesheets/materialize/css/materialize.css" for 127.0.0.1 at 2015-02-22 20:43:15 -0500

ActionController::RoutingError (No route matches [GET] "/stylesheets/stylesheets/materialize/css/materialize.css"):
  actionpack (4.0.12) lib/action_dispatch/middleware/debug_exceptions.rb:21:in `call'
  actionpack (4.0.12) lib/action_dispatch/middleware/show_exceptions.rb:30:in `call'
  railties (4.0.12) lib/rails/rack/logger.rb:38:in `call_app'
  railties (4.0.12) lib/rails/rack/logger.rb:20:in `block in call'
  activesupport (4.0.12) lib/active_support/tagged_logging.rb:68:in `block in tagged'
  activesupport (4.0.12) lib/active_support/tagged_logging.rb:26:in `tagged'
  activesupport (4.0.12) lib/active_support/tagged_logging.rb:68:in `tagged'
  railties (4.0.12) lib/rails/rack/logger.rb:20:in `call'
  actionpack (4.0.12) lib/action_dispatch/middleware/request_id.rb:21:in `call'
  rack (1.5.2) lib/rack/methodoverride.rb:21:in `call'
  rack (1.5.2) lib/rack/runtime.rb:17:in `call'
  activesupport (4.0.12) lib/active_support/cache/strategy/local_cache.rb:83:in `call'
  rack (1.5.2) lib/rack/lock.rb:17:in `call'
  actionpack (4.0.12) lib/action_dispatch/middleware/static.rb:84:in `call'
  rack (1.5.2) lib/rack/sendfile.rb:112:in `call'
  railties (4.0.12) lib/rails/engine.rb:511:in `call'
  railties (4.0.12) lib/rails/application.rb:97:in `call'
  rack (1.5.2) lib/rack/lock.rb:17:in `call'
  rack (1.5.2) lib/rack/content_length.rb:14:in `call'
  rack (1.5.2) lib/rack/handler/webrick.rb:60:in `service'
  /Users/stefandasbach/.rvm/rubies/ruby-2.2.0/lib/ruby/2.2.0/webrick/httpserver.rb:138:in `service'
  /Users/stefandasbach/.rvm/rubies/ruby-2.2.0/lib/ruby/2.2.0/webrick/httpserver.rb:94:in `run'
  /Users/stefandasbach/.rvm/rubies/ruby-2.2.0/lib/ruby/2.2.0/webrick/server.rb:294:in `block in start_thread'


  Rendered /Users/stefandasbach/.rvm/gems/ruby-2.2.0/gems/actionpack-4.0.12/lib/action_dispatch/middleware/templates/rescues/_trace.erb (1.8ms)
  Rendered /Users/stefandasbach/.rvm/gems/ruby-2.2.0/gems/actionpack-4.0.12/lib/action_dispatch/middleware/templates/routes/_route.html.erb (1.8ms)
  Rendered /Users/stefandasbach/.rvm/gems/ruby-2.2.0/gems/actionpack-4.0.12/lib/action_dispatch/middleware/templates/routes/_table.html.erb (2.5ms)
  Rendered /Users/stefandasbach/.rvm/gems/ruby-2.2.0/gems/actionpack-4.0.12/lib/action_dispatch/middleware/templates/rescues/routing_error.erb within rescues/layout (58.5ms)


Started GET "/assets/materialize/css/materialize.css?body=1" for 127.0.0.1 at 2015-02-22 20:43:15 -0500


Started GET "/assets/jquery.js?body=1" for 127.0.0.1 at 2015-02-22 20:43:15 -0500


Started GET "/assets/materialize/css/materialize.min.css?body=1" for 127.0.0.1 at 2015-02-22 20:43:15 -0500


Started GET "/assets/jquery_ujs.js?body=1" for 127.0.0.1 at 2015-02-22 20:43:15 -0500


Started GET "/assets/turbolinks.js?body=1" for 127.0.0.1 at 2015-02-22 20:43:15 -0500


Started GET "/assets/application.js?body=1" for 127.0.0.1 at 2015-02-22 20:43:15 -0500


Started GET "/assets/materialize/font/roboto/Roboto-Regular.ttf" for 127.0.0.1 at 2015-02-22 20:43:15 -0500


Started GET "/" for 10.0.2.2 at 2015-02-22 21:37:59 -0500
Processing by StaticController#login as HTML
  Rendered static/login.html.erb within layouts/application (31.5ms)
Completed 200 OK in 1446ms (Views: 1417.3ms | ActiveRecord: 0.0ms)


Started GET "/assets/materialize/css/materialize.css?body=1" for 10.0.2.2 at 2015-02-22 21:38:02 -0500


Started GET "/assets/application.css?body=1" for 10.0.2.2 at 2015-02-22 21:38:02 -0500


Started GET "/assets/materialize/css/materialize.min.css?body=1" for 10.0.2.2 at 2015-02-22 21:38:02 -0500


Started GET "/stylesheets/stylesheets/materialize/css/materialize.css" for 10.0.2.2 at 2015-02-22 21:38:02 -0500

ActionController::RoutingError (No route matches [GET] "/stylesheets/stylesheets/materialize/css/materialize.css"):
  actionpack (4.0.12) lib/action_dispatch/middleware/debug_exceptions.rb:21:in `call'
  actionpack (4.0.12) lib/action_dispatch/middleware/show_exceptions.rb:30:in `call'
  railties (4.0.12) lib/rails/rack/logger.rb:38:in `call_app'
  railties (4.0.12) lib/rails/rack/logger.rb:20:in `block in call'
  activesupport (4.0.12) lib/active_support/tagged_logging.rb:68:in `block in tagged'
  activesupport (4.0.12) lib/active_support/tagged_logging.rb:26:in `tagged'
  activesupport (4.0.12) lib/active_support/tagged_logging.rb:68:in `tagged'
  railties (4.0.12) lib/rails/rack/logger.rb:20:in `call'
  actionpack (4.0.12) lib/action_dispatch/middleware/request_id.rb:21:in `call'
  rack (1.5.2) lib/rack/methodoverride.rb:21:in `call'
  rack (1.5.2) lib/rack/runtime.rb:17:in `call'
  activesupport (4.0.12) lib/active_support/cache/strategy/local_cache.rb:83:in `call'
  rack (1.5.2) lib/rack/lock.rb:17:in `call'
  actionpack (4.0.12) lib/action_dispatch/middleware/static.rb:84:in `call'
  rack (1.5.2) lib/rack/sendfile.rb:112:in `call'
  railties (4.0.12) lib/rails/engine.rb:511:in `call'
  railties (4.0.12) lib/rails/application.rb:97:in `call'
  rack (1.5.2) lib/rack/lock.rb:17:in `call'
  rack (1.5.2) lib/rack/content_length.rb:14:in `call'
  rack (1.5.2) lib/rack/handler/webrick.rb:60:in `service'
  /opt/rbenv/versions/2.0.0-p353/lib/ruby/2.0.0/webrick/httpserver.rb:138:in `service'
  /opt/rbenv/versions/2.0.0-p353/lib/ruby/2.0.0/webrick/httpserver.rb:94:in `run'
  /opt/rbenv/versions/2.0.0-p353/lib/ruby/2.0.0/webrick/server.rb:295:in `block in start_thread'


  Rendered /opt/rbenv/versions/2.0.0-p353/lib/ruby/gems/2.0.0/gems/actionpack-4.0.12/lib/action_dispatch/middleware/templates/rescues/_trace.erb (0.5ms)
  Rendered /opt/rbenv/versions/2.0.0-p353/lib/ruby/gems/2.0.0/gems/actionpack-4.0.12/lib/action_dispatch/middleware/templates/routes/_route.html.erb (0.6ms)
  Rendered /opt/rbenv/versions/2.0.0-p353/lib/ruby/gems/2.0.0/gems/actionpack-4.0.12/lib/action_dispatch/middleware/templates/routes/_table.html.erb (17.7ms)
  Rendered /opt/rbenv/versions/2.0.0-p353/lib/ruby/gems/2.0.0/gems/actionpack-4.0.12/lib/action_dispatch/middleware/templates/rescues/routing_error.erb within rescues/layout (55.5ms)


Started GET "/assets/jquery.js?body=1" for 10.0.2.2 at 2015-02-22 21:38:02 -0500


Started GET "/assets/turbolinks.js?body=1" for 10.0.2.2 at 2015-02-22 21:38:02 -0500


Started GET "/assets/jquery_ujs.js?body=1" for 10.0.2.2 at 2015-02-22 21:38:02 -0500


Started GET "/assets/application.js?body=1" for 10.0.2.2 at 2015-02-22 21:38:02 -0500


Started GET "/stylesheets/materialize/js/materialize.js" for 10.0.2.2 at 2015-02-22 21:38:02 -0500

ActionController::RoutingError (No route matches [GET] "/stylesheets/materialize/js/materialize.js"):
  actionpack (4.0.12) lib/action_dispatch/middleware/debug_exceptions.rb:21:in `call'
  actionpack (4.0.12) lib/action_dispatch/middleware/show_exceptions.rb:30:in `call'
  railties (4.0.12) lib/rails/rack/logger.rb:38:in `call_app'
  railties (4.0.12) lib/rails/rack/logger.rb:20:in `block in call'
  activesupport (4.0.12) lib/active_support/tagged_logging.rb:68:in `block in tagged'
  activesupport (4.0.12) lib/active_support/tagged_logging.rb:26:in `tagged'
  activesupport (4.0.12) lib/active_support/tagged_logging.rb:68:in `tagged'
  railties (4.0.12) lib/rails/rack/logger.rb:20:in `call'
  actionpack (4.0.12) lib/action_dispatch/middleware/request_id.rb:21:in `call'
  rack (1.5.2) lib/rack/methodoverride.rb:21:in `call'
  rack (1.5.2) lib/rack/runtime.rb:17:in `call'
  activesupport (4.0.12) lib/active_support/cache/strategy/local_cache.rb:83:in `call'
  rack (1.5.2) lib/rack/lock.rb:17:in `call'
  actionpack (4.0.12) lib/action_dispatch/middleware/static.rb:84:in `call'
  rack (1.5.2) lib/rack/sendfile.rb:112:in `call'
  railties (4.0.12) lib/rails/engine.rb:511:in `call'
  railties (4.0.12) lib/rails/application.rb:97:in `call'
  rack (1.5.2) lib/rack/lock.rb:17:in `call'
  rack (1.5.2) lib/rack/content_length.rb:14:in `call'
  rack (1.5.2) lib/rack/handler/webrick.rb:60:in `service'
  /opt/rbenv/versions/2.0.0-p353/lib/ruby/2.0.0/webrick/httpserver.rb:138:in `service'
  /opt/rbenv/versions/2.0.0-p353/lib/ruby/2.0.0/webrick/httpserver.rb:94:in `run'
  /opt/rbenv/versions/2.0.0-p353/lib/ruby/2.0.0/webrick/server.rb:295:in `block in start_thread'


  Rendered /opt/rbenv/versions/2.0.0-p353/lib/ruby/gems/2.0.0/gems/actionpack-4.0.12/lib/action_dispatch/middleware/templates/rescues/_trace.erb (1.3ms)
  Rendered /opt/rbenv/versions/2.0.0-p353/lib/ruby/gems/2.0.0/gems/actionpack-4.0.12/lib/action_dispatch/middleware/templates/routes/_route.html.erb (0.9ms)
  Rendered /opt/rbenv/versions/2.0.0-p353/lib/ruby/gems/2.0.0/gems/actionpack-4.0.12/lib/action_dispatch/middleware/templates/routes/_table.html.erb (2.4ms)
  Rendered /opt/rbenv/versions/2.0.0-p353/lib/ruby/gems/2.0.0/gems/actionpack-4.0.12/lib/action_dispatch/middleware/templates/rescues/routing_error.erb within rescues/layout (30.7ms)


Started GET "/stylesheets/materialize/js/init.js" for 10.0.2.2 at 2015-02-22 21:38:02 -0500

ActionController::RoutingError (No route matches [GET] "/stylesheets/materialize/js/init.js"):
  actionpack (4.0.12) lib/action_dispatch/middleware/debug_exceptions.rb:21:in `call'
  actionpack (4.0.12) lib/action_dispatch/middleware/show_exceptions.rb:30:in `call'
  railties (4.0.12) lib/rails/rack/logger.rb:38:in `call_app'
  railties (4.0.12) lib/rails/rack/logger.rb:20:in `block in call'
  activesupport (4.0.12) lib/active_support/tagged_logging.rb:68:in `block in tagged'
  activesupport (4.0.12) lib/active_support/tagged_logging.rb:26:in `tagged'
  activesupport (4.0.12) lib/active_support/tagged_logging.rb:68:in `tagged'
  railties (4.0.12) lib/rails/rack/logger.rb:20:in `call'
  actionpack (4.0.12) lib/action_dispatch/middleware/request_id.rb:21:in `call'
  rack (1.5.2) lib/rack/methodoverride.rb:21:in `call'
  rack (1.5.2) lib/rack/runtime.rb:17:in `call'
  activesupport (4.0.12) lib/active_support/cache/strategy/local_cache.rb:83:in `call'
  rack (1.5.2) lib/rack/lock.rb:17:in `call'
  actionpack (4.0.12) lib/action_dispatch/middleware/static.rb:84:in `call'
  rack (1.5.2) lib/rack/sendfile.rb:112:in `call'
  railties (4.0.12) lib/rails/engine.rb:511:in `call'
  railties (4.0.12) lib/rails/application.rb:97:in `call'
  rack (1.5.2) lib/rack/lock.rb:17:in `call'
  rack (1.5.2) lib/rack/content_length.rb:14:in `call'
  rack (1.5.2) lib/rack/handler/webrick.rb:60:in `service'
  /opt/rbenv/versions/2.0.0-p353/lib/ruby/2.0.0/webrick/httpserver.rb:138:in `service'
  /opt/rbenv/versions/2.0.0-p353/lib/ruby/2.0.0/webrick/httpserver.rb:94:in `run'
  /opt/rbenv/versions/2.0.0-p353/lib/ruby/2.0.0/webrick/server.rb:295:in `block in start_thread'


  Rendered /opt/rbenv/versions/2.0.0-p353/lib/ruby/gems/2.0.0/gems/actionpack-4.0.12/lib/action_dispatch/middleware/templates/rescues/_trace.erb (1.2ms)
  Rendered /opt/rbenv/versions/2.0.0-p353/lib/ruby/gems/2.0.0/gems/actionpack-4.0.12/lib/action_dispatch/middleware/templates/routes/_route.html.erb (0.7ms)
  Rendered /opt/rbenv/versions/2.0.0-p353/lib/ruby/gems/2.0.0/gems/actionpack-4.0.12/lib/action_dispatch/middleware/templates/routes/_table.html.erb (1.3ms)
  Rendered /opt/rbenv/versions/2.0.0-p353/lib/ruby/gems/2.0.0/gems/actionpack-4.0.12/lib/action_dispatch/middleware/templates/rescues/routing_error.erb within rescues/layout (26.9ms)


Started GET "/assets/materialize/font/roboto/Roboto-Regular.ttf" for 10.0.2.2 at 2015-02-22 21:38:03 -0500


Started GET "/assets/materialize/font/material-design-icons/Material-Design-Icons.woff?-g7cqhn" for 10.0.2.2 at 2015-02-22 21:38:03 -0500


Started GET "/" for 10.0.2.2 at 2015-02-22 21:38:08 -0500
Processing by StaticController#login as HTML
  Rendered static/login.html.erb within layouts/application (0.1ms)
Completed 200 OK in 214ms (Views: 213.4ms | ActiveRecord: 0.0ms)


Started GET "/assets/materialize/css/materialize.min.css?body=1" for 10.0.2.2 at 2015-02-22 21:38:08 -0500


Started GET "/assets/jquery.js?body=1" for 10.0.2.2 at 2015-02-22 21:38:08 -0500


Started GET "/stylesheets/stylesheets/materialize/css/materialize.css" for 10.0.2.2 at 2015-02-22 21:38:08 -0500

ActionController::RoutingError (No route matches [GET] "/stylesheets/stylesheets/materialize/css/materialize.css"):
  actionpack (4.0.12) lib/action_dispatch/middleware/debug_exceptions.rb:21:in `call'
  actionpack (4.0.12) lib/action_dispatch/middleware/show_exceptions.rb:30:in `call'
  railties (4.0.12) lib/rails/rack/logger.rb:38:in `call_app'
  railties (4.0.12) lib/rails/rack/logger.rb:20:in `block in call'
  activesupport (4.0.12) lib/active_support/tagged_logging.rb:68:in `block in tagged'
  activesupport (4.0.12) lib/active_support/tagged_logging.rb:26:in `tagged'
  activesupport (4.0.12) lib/active_support/tagged_logging.rb:68:in `tagged'
  railties (4.0.12) lib/rails/rack/logger.rb:20:in `call'
  actionpack (4.0.12) lib/action_dispatch/middleware/request_id.rb:21:in `call'
  rack (1.5.2) lib/rack/methodoverride.rb:21:in `call'
  rack (1.5.2) lib/rack/runtime.rb:17:in `call'
  activesupport (4.0.12) lib/active_support/cache/strategy/local_cache.rb:83:in `call'
  rack (1.5.2) lib/rack/lock.rb:17:in `call'
  actionpack (4.0.12) lib/action_dispatch/middleware/static.rb:84:in `call'
  rack (1.5.2) lib/rack/sendfile.rb:112:in `call'
  railties (4.0.12) lib/rails/engine.rb:511:in `call'
  railties (4.0.12) lib/rails/application.rb:97:in `call'
  rack (1.5.2) lib/rack/lock.rb:17:in `call'
  rack (1.5.2) lib/rack/content_length.rb:14:in `call'
  rack (1.5.2) lib/rack/handler/webrick.rb:60:in `service'
  /opt/rbenv/versions/2.0.0-p353/lib/ruby/2.0.0/webrick/httpserver.rb:138:in `service'
  /opt/rbenv/versions/2.0.0-p353/lib/ruby/2.0.0/webrick/httpserver.rb:94:in `run'
  /opt/rbenv/versions/2.0.0-p353/lib/ruby/2.0.0/webrick/server.rb:295:in `block in start_thread'


  Rendered /opt/rbenv/versions/2.0.0-p353/lib/ruby/gems/2.0.0/gems/actionpack-4.0.12/lib/action_dispatch/middleware/templates/rescues/_trace.erb (0.8ms)
  Rendered /opt/rbenv/versions/2.0.0-p353/lib/ruby/gems/2.0.0/gems/actionpack-4.0.12/lib/action_dispatch/middleware/templates/routes/_route.html.erb (0.5ms)
  Rendered /opt/rbenv/versions/2.0.0-p353/lib/ruby/gems/2.0.0/gems/actionpack-4.0.12/lib/action_dispatch/middleware/templates/routes/_table.html.erb (0.8ms)
  Rendered /opt/rbenv/versions/2.0.0-p353/lib/ruby/gems/2.0.0/gems/actionpack-4.0.12/lib/action_dispatch/middleware/templates/rescues/routing_error.erb within rescues/layout (22.3ms)


Started GET "/assets/materialize/css/materialize.css?body=1" for 10.0.2.2 at 2015-02-22 21:38:09 -0500


Started GET "/assets/application.css?body=1" for 10.0.2.2 at 2015-02-22 21:38:09 -0500


Started GET "/assets/jquery_ujs.js?body=1" for 10.0.2.2 at 2015-02-22 21:38:09 -0500


Started GET "/assets/turbolinks.js?body=1" for 10.0.2.2 at 2015-02-22 21:38:09 -0500


Started GET "/assets/application.js?body=1" for 10.0.2.2 at 2015-02-22 21:38:09 -0500


Started GET "/stylesheets/materialize/js/materialize.js" for 10.0.2.2 at 2015-02-22 21:38:09 -0500

ActionController::RoutingError (No route matches [GET] "/stylesheets/materialize/js/materialize.js"):
  actionpack (4.0.12) lib/action_dispatch/middleware/debug_exceptions.rb:21:in `call'
  actionpack (4.0.12) lib/action_dispatch/middleware/show_exceptions.rb:30:in `call'
  railties (4.0.12) lib/rails/rack/logger.rb:38:in `call_app'
  railties (4.0.12) lib/rails/rack/logger.rb:20:in `block in call'
  activesupport (4.0.12) lib/active_support/tagged_logging.rb:68:in `block in tagged'
  activesupport (4.0.12) lib/active_support/tagged_logging.rb:26:in `tagged'
  activesupport (4.0.12) lib/active_support/tagged_logging.rb:68:in `tagged'
  railties (4.0.12) lib/rails/rack/logger.rb:20:in `call'
  actionpack (4.0.12) lib/action_dispatch/middleware/request_id.rb:21:in `call'
  rack (1.5.2) lib/rack/methodoverride.rb:21:in `call'
  rack (1.5.2) lib/rack/runtime.rb:17:in `call'
  activesupport (4.0.12) lib/active_support/cache/strategy/local_cache.rb:83:in `call'
  rack (1.5.2) lib/rack/lock.rb:17:in `call'
  actionpack (4.0.12) lib/action_dispatch/middleware/static.rb:84:in `call'
  rack (1.5.2) lib/rack/sendfile.rb:112:in `call'
  railties (4.0.12) lib/rails/engine.rb:511:in `call'
  railties (4.0.12) lib/rails/application.rb:97:in `call'
  rack (1.5.2) lib/rack/lock.rb:17:in `call'
  rack (1.5.2) lib/rack/content_length.rb:14:in `call'
  rack (1.5.2) lib/rack/handler/webrick.rb:60:in `service'
  /opt/rbenv/versions/2.0.0-p353/lib/ruby/2.0.0/webrick/httpserver.rb:138:in `service'
  /opt/rbenv/versions/2.0.0-p353/lib/ruby/2.0.0/webrick/httpserver.rb:94:in `run'
  /opt/rbenv/versions/2.0.0-p353/lib/ruby/2.0.0/webrick/server.rb:295:in `block in start_thread'


  Rendered /opt/rbenv/versions/2.0.0-p353/lib/ruby/gems/2.0.0/gems/actionpack-4.0.12/lib/action_dispatch/middleware/templates/rescues/_trace.erb (1.3ms)
  Rendered /opt/rbenv/versions/2.0.0-p353/lib/ruby/gems/2.0.0/gems/actionpack-4.0.12/lib/action_dispatch/middleware/templates/routes/_route.html.erb (2.1ms)
  Rendered /opt/rbenv/versions/2.0.0-p353/lib/ruby/gems/2.0.0/gems/actionpack-4.0.12/lib/action_dispatch/middleware/templates/routes/_table.html.erb (1.2ms)
  Rendered /opt/rbenv/versions/2.0.0-p353/lib/ruby/gems/2.0.0/gems/actionpack-4.0.12/lib/action_dispatch/middleware/templates/rescues/routing_error.erb within rescues/layout (25.5ms)


Started GET "/stylesheets/materialize/js/init.js" for 10.0.2.2 at 2015-02-22 21:38:09 -0500

ActionController::RoutingError (No route matches [GET] "/stylesheets/materialize/js/init.js"):
  actionpack (4.0.12) lib/action_dispatch/middleware/debug_exceptions.rb:21:in `call'
  actionpack (4.0.12) lib/action_dispatch/middleware/show_exceptions.rb:30:in `call'
  railties (4.0.12) lib/rails/rack/logger.rb:38:in `call_app'
  railties (4.0.12) lib/rails/rack/logger.rb:20:in `block in call'
  activesupport (4.0.12) lib/active_support/tagged_logging.rb:68:in `block in tagged'
  activesupport (4.0.12) lib/active_support/tagged_logging.rb:26:in `tagged'
  activesupport (4.0.12) lib/active_support/tagged_logging.rb:68:in `tagged'
  railties (4.0.12) lib/rails/rack/logger.rb:20:in `call'
  actionpack (4.0.12) lib/action_dispatch/middleware/request_id.rb:21:in `call'
  rack (1.5.2) lib/rack/methodoverride.rb:21:in `call'
  rack (1.5.2) lib/rack/runtime.rb:17:in `call'
  activesupport (4.0.12) lib/active_support/cache/strategy/local_cache.rb:83:in `call'
  rack (1.5.2) lib/rack/lock.rb:17:in `call'
  actionpack (4.0.12) lib/action_dispatch/middleware/static.rb:84:in `call'
  rack (1.5.2) lib/rack/sendfile.rb:112:in `call'
  railties (4.0.12) lib/rails/engine.rb:511:in `call'
  railties (4.0.12) lib/rails/application.rb:97:in `call'
  rack (1.5.2) lib/rack/lock.rb:17:in `call'
  rack (1.5.2) lib/rack/content_length.rb:14:in `call'
  rack (1.5.2) lib/rack/handler/webrick.rb:60:in `service'
  /opt/rbenv/versions/2.0.0-p353/lib/ruby/2.0.0/webrick/httpserver.rb:138:in `service'
  /opt/rbenv/versions/2.0.0-p353/lib/ruby/2.0.0/webrick/httpserver.rb:94:in `run'
  /opt/rbenv/versions/2.0.0-p353/lib/ruby/2.0.0/webrick/server.rb:295:in `block in start_thread'


  Rendered /opt/rbenv/versions/2.0.0-p353/lib/ruby/gems/2.0.0/gems/actionpack-4.0.12/lib/action_dispatch/middleware/templates/rescues/_trace.erb (0.8ms)
  Rendered /opt/rbenv/versions/2.0.0-p353/lib/ruby/gems/2.0.0/gems/actionpack-4.0.12/lib/action_dispatch/middleware/templates/routes/_route.html.erb (0.6ms)
  Rendered /opt/rbenv/versions/2.0.0-p353/lib/ruby/gems/2.0.0/gems/actionpack-4.0.12/lib/action_dispatch/middleware/templates/routes/_table.html.erb (1.0ms)
  Rendered /opt/rbenv/versions/2.0.0-p353/lib/ruby/gems/2.0.0/gems/actionpack-4.0.12/lib/action_dispatch/middleware/templates/rescues/routing_error.erb within rescues/layout (20.6ms)


Started GET "/assets/materialize/font/roboto/Roboto-Regular.ttf" for 10.0.2.2 at 2015-02-22 21:38:09 -0500


Started GET "/assets/materialize/font/material-design-icons/Material-Design-Icons.woff?-g7cqhn" for 10.0.2.2 at 2015-02-22 21:38:09 -0500


Started GET "/" for 10.0.2.2 at 2015-02-22 21:38:17 -0500
Processing by StaticController#login as HTML
  Rendered static/login.html.erb within layouts/application (0.1ms)
Completed 200 OK in 199ms (Views: 198.8ms | ActiveRecord: 0.0ms)


Started GET "/stylesheets/stylesheets/materialize/css/materialize.css" for 10.0.2.2 at 2015-02-22 21:38:18 -0500

ActionController::RoutingError (No route matches [GET] "/stylesheets/stylesheets/materialize/css/materialize.css"):
  actionpack (4.0.12) lib/action_dispatch/middleware/debug_exceptions.rb:21:in `call'
  actionpack (4.0.12) lib/action_dispatch/middleware/show_exceptions.rb:30:in `call'
  railties (4.0.12) lib/rails/rack/logger.rb:38:in `call_app'
  railties (4.0.12) lib/rails/rack/logger.rb:20:in `block in call'
  activesupport (4.0.12) lib/active_support/tagged_logging.rb:68:in `block in tagged'
  activesupport (4.0.12) lib/active_support/tagged_logging.rb:26:in `tagged'
  activesupport (4.0.12) lib/active_support/tagged_logging.rb:68:in `tagged'
  railties (4.0.12) lib/rails/rack/logger.rb:20:in `call'
  actionpack (4.0.12) lib/action_dispatch/middleware/request_id.rb:21:in `call'
  rack (1.5.2) lib/rack/methodoverride.rb:21:in `call'
  rack (1.5.2) lib/rack/runtime.rb:17:in `call'
  activesupport (4.0.12) lib/active_support/cache/strategy/local_cache.rb:83:in `call'
  rack (1.5.2) lib/rack/lock.rb:17:in `call'
  actionpack (4.0.12) lib/action_dispatch/middleware/static.rb:84:in `call'
  rack (1.5.2) lib/rack/sendfile.rb:112:in `call'
  railties (4.0.12) lib/rails/engine.rb:511:in `call'
  railties (4.0.12) lib/rails/application.rb:97:in `call'
  rack (1.5.2) lib/rack/lock.rb:17:in `call'
  rack (1.5.2) lib/rack/content_length.rb:14:in `call'
  rack (1.5.2) lib/rack/handler/webrick.rb:60:in `service'
  /opt/rbenv/versions/2.0.0-p353/lib/ruby/2.0.0/webrick/httpserver.rb:138:in `service'
  /opt/rbenv/versions/2.0.0-p353/lib/ruby/2.0.0/webrick/httpserver.rb:94:in `run'
  /opt/rbenv/versions/2.0.0-p353/lib/ruby/2.0.0/webrick/server.rb:295:in `block in start_thread'


  Rendered /opt/rbenv/versions/2.0.0-p353/lib/ruby/gems/2.0.0/gems/actionpack-4.0.12/lib/action_dispatch/middleware/templates/rescues/_trace.erb (1.0ms)
  Rendered /opt/rbenv/versions/2.0.0-p353/lib/ruby/gems/2.0.0/gems/actionpack-4.0.12/lib/action_dispatch/middleware/templates/routes/_route.html.erb (0.9ms)
  Rendered /opt/rbenv/versions/2.0.0-p353/lib/ruby/gems/2.0.0/gems/actionpack-4.0.12/lib/action_dispatch/middleware/templates/routes/_table.html.erb (26.2ms)
  Rendered /opt/rbenv/versions/2.0.0-p353/lib/ruby/gems/2.0.0/gems/actionpack-4.0.12/lib/action_dispatch/middleware/templates/rescues/routing_error.erb within rescues/layout (48.4ms)


Started GET "/assets/materialize/css/materialize.min.css?body=1" for 10.0.2.2 at 2015-02-22 21:38:18 -0500


Started GET "/assets/materialize/css/materialize.css?body=1" for 10.0.2.2 at 2015-02-22 21:38:18 -0500


Started GET "/assets/jquery_ujs.js?body=1" for 10.0.2.2 at 2015-02-22 21:38:18 -0500


Started GET "/assets/application.css?body=1" for 10.0.2.2 at 2015-02-22 21:38:18 -0500


Started GET "/assets/jquery.js?body=1" for 10.0.2.2 at 2015-02-22 21:38:18 -0500


Started GET "/assets/turbolinks.js?body=1" for 10.0.2.2 at 2015-02-22 21:38:18 -0500


Started GET "/stylesheets/materialize/js/materialize.js" for 10.0.2.2 at 2015-02-22 21:38:18 -0500

ActionController::RoutingError (No route matches [GET] "/stylesheets/materialize/js/materialize.js"):
  actionpack (4.0.12) lib/action_dispatch/middleware/debug_exceptions.rb:21:in `call'
  actionpack (4.0.12) lib/action_dispatch/middleware/show_exceptions.rb:30:in `call'
  railties (4.0.12) lib/rails/rack/logger.rb:38:in `call_app'
  railties (4.0.12) lib/rails/rack/logger.rb:20:in `block in call'
  activesupport (4.0.12) lib/active_support/tagged_logging.rb:68:in `block in tagged'
  activesupport (4.0.12) lib/active_support/tagged_logging.rb:26:in `tagged'
  activesupport (4.0.12) lib/active_support/tagged_logging.rb:68:in `tagged'
  railties (4.0.12) lib/rails/rack/logger.rb:20:in `call'
  actionpack (4.0.12) lib/action_dispatch/middleware/request_id.rb:21:in `call'
  rack (1.5.2) lib/rack/methodoverride.rb:21:in `call'
  rack (1.5.2) lib/rack/runtime.rb:17:in `call'
  activesupport (4.0.12) lib/active_support/cache/strategy/local_cache.rb:83:in `call'
  rack (1.5.2) lib/rack/lock.rb:17:in `call'
  actionpack (4.0.12) lib/action_dispatch/middleware/static.rb:84:in `call'
  rack (1.5.2) lib/rack/sendfile.rb:112:in `call'
  railties (4.0.12) lib/rails/engine.rb:511:in `call'
  railties (4.0.12) lib/rails/application.rb:97:in `call'
  rack (1.5.2) lib/rack/lock.rb:17:in `call'
  rack (1.5.2) lib/rack/content_length.rb:14:in `call'
  rack (1.5.2) lib/rack/handler/webrick.rb:60:in `service'
  /opt/rbenv/versions/2.0.0-p353/lib/ruby/2.0.0/webrick/httpserver.rb:138:in `service'
  /opt/rbenv/versions/2.0.0-p353/lib/ruby/2.0.0/webrick/httpserver.rb:94:in `run'
  /opt/rbenv/versions/2.0.0-p353/lib/ruby/2.0.0/webrick/server.rb:295:in `block in start_thread'


  Rendered /opt/rbenv/versions/2.0.0-p353/lib/ruby/gems/2.0.0/gems/actionpack-4.0.12/lib/action_dispatch/middleware/templates/rescues/_trace.erb (1.2ms)
  Rendered /opt/rbenv/versions/2.0.0-p353/lib/ruby/gems/2.0.0/gems/actionpack-4.0.12/lib/action_dispatch/middleware/templates/routes/_route.html.erb (0.6ms)
  Rendered /opt/rbenv/versions/2.0.0-p353/lib/ruby/gems/2.0.0/gems/actionpack-4.0.12/lib/action_dispatch/middleware/templates/routes/_table.html.erb (0.4ms)
  Rendered /opt/rbenv/versions/2.0.0-p353/lib/ruby/gems/2.0.0/gems/actionpack-4.0.12/lib/action_dispatch/middleware/templates/rescues/routing_error.erb within rescues/layout (21.0ms)


Started GET "/assets/application.js?body=1" for 10.0.2.2 at 2015-02-22 21:38:18 -0500


Started GET "/stylesheets/materialize/js/init.js" for 10.0.2.2 at 2015-02-22 21:38:18 -0500

ActionController::RoutingError (No route matches [GET] "/stylesheets/materialize/js/init.js"):
  actionpack (4.0.12) lib/action_dispatch/middleware/debug_exceptions.rb:21:in `call'
  actionpack (4.0.12) lib/action_dispatch/middleware/show_exceptions.rb:30:in `call'
  railties (4.0.12) lib/rails/rack/logger.rb:38:in `call_app'
  railties (4.0.12) lib/rails/rack/logger.rb:20:in `block in call'
  activesupport (4.0.12) lib/active_support/tagged_logging.rb:68:in `block in tagged'
  activesupport (4.0.12) lib/active_support/tagged_logging.rb:26:in `tagged'
  activesupport (4.0.12) lib/active_support/tagged_logging.rb:68:in `tagged'
  railties (4.0.12) lib/rails/rack/logger.rb:20:in `call'
  actionpack (4.0.12) lib/action_dispatch/middleware/request_id.rb:21:in `call'
  rack (1.5.2) lib/rack/methodoverride.rb:21:in `call'
  rack (1.5.2) lib/rack/runtime.rb:17:in `call'
  activesupport (4.0.12) lib/active_support/cache/strategy/local_cache.rb:83:in `call'
  rack (1.5.2) lib/rack/lock.rb:17:in `call'
  actionpack (4.0.12) lib/action_dispatch/middleware/static.rb:84:in `call'
  rack (1.5.2) lib/rack/sendfile.rb:112:in `call'
  railties (4.0.12) lib/rails/engine.rb:511:in `call'
  railties (4.0.12) lib/rails/application.rb:97:in `call'
  rack (1.5.2) lib/rack/lock.rb:17:in `call'
  rack (1.5.2) lib/rack/content_length.rb:14:in `call'
  rack (1.5.2) lib/rack/handler/webrick.rb:60:in `service'
  /opt/rbenv/versions/2.0.0-p353/lib/ruby/2.0.0/webrick/httpserver.rb:138:in `service'
  /opt/rbenv/versions/2.0.0-p353/lib/ruby/2.0.0/webrick/httpserver.rb:94:in `run'
  /opt/rbenv/versions/2.0.0-p353/lib/ruby/2.0.0/webrick/server.rb:295:in `block in start_thread'


  Rendered /opt/rbenv/versions/2.0.0-p353/lib/ruby/gems/2.0.0/gems/actionpack-4.0.12/lib/action_dispatch/middleware/templates/rescues/_trace.erb (1.2ms)
  Rendered /opt/rbenv/versions/2.0.0-p353/lib/ruby/gems/2.0.0/gems/actionpack-4.0.12/lib/action_dispatch/middleware/templates/routes/_route.html.erb (0.9ms)
  Rendered /opt/rbenv/versions/2.0.0-p353/lib/ruby/gems/2.0.0/gems/actionpack-4.0.12/lib/action_dispatch/middleware/templates/routes/_table.html.erb (1.1ms)
  Rendered /opt/rbenv/versions/2.0.0-p353/lib/ruby/gems/2.0.0/gems/actionpack-4.0.12/lib/action_dispatch/middleware/templates/rescues/routing_error.erb within rescues/layout (22.3ms)


Started GET "/assets/materialize/font/roboto/Roboto-Regular.ttf" for 10.0.2.2 at 2015-02-22 21:38:19 -0500


Started GET "/assets/materialize/font/material-design-icons/Material-Design-Icons.woff?-g7cqhn" for 10.0.2.2 at 2015-02-22 21:38:19 -0500
